#! /usr/local/bin/vvp
:ivl_version "10.1 (stable)" "(v10_1-107-gab6ae79)";
:ivl_delay_selection "TYPICAL";
:vpi_time_precision - 12;
:vpi_module "system";
:vpi_module "vhdl_sys";
:vpi_module "v2005_math";
:vpi_module "va_math";
S_0x11e4660 .scope module, "testfowardinglut" "testfowardinglut" 2 7;
 .timescale -9 -12;
v0x1211690_0 .var "ex_rs", 4 0;
v0x1211770_0 .var "ex_rt", 4 0;
v0x1211840_0 .net "forwardA", 1 0, v0x1210d40_0;  1 drivers
v0x1211940_0 .net "forwardB", 1 0, v0x1210e30_0;  1 drivers
v0x1211a10_0 .var "mem_regRd", 4 0;
v0x1211ab0_0 .var "mem_regWrite", 0 0;
v0x1211b80_0 .var "rs", 4 0;
v0x1211c50_0 .var "rt", 4 0;
v0x1211d20_0 .var "wb_regRd", 4 0;
v0x1211e80_0 .var "wb_regWrite", 0 0;
S_0x11f4090 .scope module, "forwardingLUT" "forwardingLUT" 2 13, 3 14 0, S_0x11e4660;
 .timescale -9 -12;
    .port_info 0 /INPUT 5 "ex_rs"
    .port_info 1 /INPUT 5 "ex_rt"
    .port_info 2 /INPUT 5 "mem_regRd"
    .port_info 3 /INPUT 5 "wb_regRd"
    .port_info 4 /INPUT 5 "rs"
    .port_info 5 /INPUT 5 "rt"
    .port_info 6 /INPUT 1 "mem_regWrite"
    .port_info 7 /INPUT 1 "wb_regWrite"
    .port_info 8 /OUTPUT 2 "forwardA"
    .port_info 9 /OUTPUT 2 "forwardB"
v0x11f4380_0 .net "ex_rs", 4 0, v0x1211690_0;  1 drivers
v0x1210c60_0 .net "ex_rt", 4 0, v0x1211770_0;  1 drivers
v0x1210d40_0 .var "forwardA", 1 0;
v0x1210e30_0 .var "forwardB", 1 0;
v0x1210f10_0 .net "mem_regRd", 4 0, v0x1211a10_0;  1 drivers
v0x1211040_0 .net "mem_regWrite", 0 0, v0x1211ab0_0;  1 drivers
v0x1211100_0 .net "rs", 4 0, v0x1211b80_0;  1 drivers
v0x12111e0_0 .net "rt", 4 0, v0x1211c50_0;  1 drivers
v0x12112c0_0 .net "wb_regRd", 4 0, v0x1211d20_0;  1 drivers
v0x1211430_0 .net "wb_regWrite", 0 0, v0x1211e80_0;  1 drivers
E_0x11f52e0/0 .event edge, v0x1211040_0, v0x1210f10_0, v0x11f4380_0, v0x1210c60_0;
E_0x11f52e0/1 .event edge, v0x1211430_0, v0x12112c0_0;
E_0x11f52e0 .event/or E_0x11f52e0/0, E_0x11f52e0/1;
    .scope S_0x11f4090;
T_0 ;
    %wait E_0x11f52e0;
    %load/vec4 v0x1211040_0;
    %load/vec4 v0x1210f10_0;
    %pad/u 32;
    %pushi/vec4 0, 0, 32;
    %cmp/e;
    %flag_get/vec4 4;
    %inv;
    %and;
    %flag_set/vec4 8;
    %jmp/0xz  T_0.0, 8;
    %load/vec4 v0x1210f10_0;
    %load/vec4 v0x11f4380_0;
    %cmp/e;
    %jmp/0xz  T_0.2, 4;
    %pushi/vec4 2, 0, 2;
    %store/vec4 v0x1210d40_0, 0, 2;
T_0.2 ;
    %load/vec4 v0x1210f10_0;
    %load/vec4 v0x1210c60_0;
    %cmp/e;
    %jmp/0xz  T_0.4, 4;
    %pushi/vec4 2, 0, 2;
    %store/vec4 v0x1210e30_0, 0, 2;
T_0.4 ;
    %jmp T_0.1;
T_0.0 ;
    %load/vec4 v0x1211430_0;
    %load/vec4 v0x12112c0_0;
    %pad/u 32;
    %pushi/vec4 0, 0, 32;
    %cmp/e;
    %flag_get/vec4 4;
    %inv;
    %and;
    %flag_set/vec4 8;
    %jmp/0xz  T_0.6, 8;
    %load/vec4 v0x1211040_0;
    %load/vec4 v0x1210f10_0;
    %pad/u 32;
    %pushi/vec4 0, 0, 32;
    %cmp/e;
    %flag_get/vec4 4;
    %inv;
    %and;
    %nor/r;
    %flag_set/vec4 8;
    %jmp/0xz  T_0.8, 8;
    %load/vec4 v0x1210f10_0;
    %load/vec4 v0x11f4380_0;
    %cmp/e;
    %flag_get/vec4 4;
    %inv;
    %load/vec4 v0x12112c0_0;
    %load/vec4 v0x11f4380_0;
    %cmp/e;
    %flag_get/vec4 4;
    %and;
    %flag_set/vec4 8;
    %jmp/0xz  T_0.10, 8;
    %pushi/vec4 1, 0, 2;
    %store/vec4 v0x1210d40_0, 0, 2;
T_0.10 ;
    %load/vec4 v0x1210f10_0;
    %load/vec4 v0x1210c60_0;
    %cmp/e;
    %flag_get/vec4 4;
    %inv;
    %load/vec4 v0x12112c0_0;
    %load/vec4 v0x11f4380_0;
    %cmp/e;
    %flag_get/vec4 4;
    %and;
    %flag_set/vec4 8;
    %jmp/0xz  T_0.12, 8;
    %pushi/vec4 1, 0, 2;
    %store/vec4 v0x1210e30_0, 0, 2;
T_0.12 ;
T_0.8 ;
    %jmp T_0.7;
T_0.6 ;
    %pushi/vec4 0, 0, 2;
    %store/vec4 v0x1210d40_0, 0, 2;
    %pushi/vec4 0, 0, 2;
    %store/vec4 v0x1210e30_0, 0, 2;
T_0.7 ;
T_0.1 ;
    %jmp T_0;
    .thread T_0, $push;
    .scope S_0x11e4660;
T_1 ;
    %vpi_call 2 25 "$display", "--------------------------------------------------" {0 0 0};
    %vpi_call 2 26 "$display", "Forwarding LUT tests starting..." {0 0 0};
    %vpi_call 2 29 "$display", "Testing 1..." {0 0 0};
    %pushi/vec4 19, 0, 5;
    %store/vec4 v0x1211690_0, 0, 5;
    %pushi/vec4 19, 0, 5;
    %store/vec4 v0x1211770_0, 0, 5;
    %pushi/vec4 19, 0, 5;
    %store/vec4 v0x1211a10_0, 0, 5;
    %pushi/vec4 19, 0, 5;
    %store/vec4 v0x1211d20_0, 0, 5;
    %pushi/vec4 19, 0, 5;
    %store/vec4 v0x1211b80_0, 0, 5;
    %pushi/vec4 19, 0, 5;
    %store/vec4 v0x1211c50_0, 0, 5;
    %pushi/vec4 1, 0, 1;
    %store/vec4 v0x1211ab0_0, 0, 1;
    %pushi/vec4 0, 0, 1;
    %store/vec4 v0x1211e80_0, 0, 1;
    %delay 1000000, 0;
    %load/vec4 v0x1211840_0;
    %cmpi/ne 2, 0, 2;
    %jmp/0xz  T_1.0, 4;
    %vpi_call 2 34 "$display", "error with test:1 forwardA; Expected: 10, Got: %d", v0x1211840_0 {0 0 0};
T_1.0 ;
    %load/vec4 v0x1211940_0;
    %cmpi/ne 2, 0, 2;
    %jmp/0xz  T_1.2, 4;
    %vpi_call 2 36 "$display", "error with test:1 forwardB; Expected: 10, Got: %d", v0x1211940_0 {0 0 0};
T_1.2 ;
    %vpi_call 2 39 "$display", "Testing 2..." {0 0 0};
    %pushi/vec4 19, 0, 5;
    %store/vec4 v0x1211690_0, 0, 5;
    %pushi/vec4 17, 0, 5;
    %store/vec4 v0x1211770_0, 0, 5;
    %pushi/vec4 0, 0, 5;
    %store/vec4 v0x1211a10_0, 0, 5;
    %pushi/vec4 19, 0, 5;
    %store/vec4 v0x1211d20_0, 0, 5;
    %pushi/vec4 19, 0, 5;
    %store/vec4 v0x1211b80_0, 0, 5;
    %pushi/vec4 19, 0, 5;
    %store/vec4 v0x1211c50_0, 0, 5;
    %pushi/vec4 0, 0, 1;
    %store/vec4 v0x1211ab0_0, 0, 1;
    %pushi/vec4 1, 0, 1;
    %store/vec4 v0x1211e80_0, 0, 1;
    %delay 1000000, 0;
    %load/vec4 v0x1211840_0;
    %cmpi/ne 1, 0, 2;
    %jmp/0xz  T_1.4, 4;
    %vpi_call 2 44 "$display", "error with test:2 forwardA; Expected: 01, Got: %d", v0x1211840_0 {0 0 0};
T_1.4 ;
    %load/vec4 v0x1211940_0;
    %cmpi/ne 1, 0, 2;
    %jmp/0xz  T_1.6, 4;
    %vpi_call 2 46 "$display", "error with test:2 forwardB; Expected: 01, Got: %d", v0x1211940_0 {0 0 0};
T_1.6 ;
    %vpi_call 2 49 "$display", "Testing 2..." {0 0 0};
    %pushi/vec4 19, 0, 5;
    %store/vec4 v0x1211690_0, 0, 5;
    %pushi/vec4 17, 0, 5;
    %store/vec4 v0x1211770_0, 0, 5;
    %pushi/vec4 0, 0, 5;
    %store/vec4 v0x1211a10_0, 0, 5;
    %pushi/vec4 19, 0, 5;
    %store/vec4 v0x1211d20_0, 0, 5;
    %pushi/vec4 19, 0, 5;
    %store/vec4 v0x1211b80_0, 0, 5;
    %pushi/vec4 19, 0, 5;
    %store/vec4 v0x1211c50_0, 0, 5;
    %pushi/vec4 0, 0, 1;
    %store/vec4 v0x1211ab0_0, 0, 1;
    %pushi/vec4 0, 0, 1;
    %store/vec4 v0x1211e80_0, 0, 1;
    %delay 1000000, 0;
    %load/vec4 v0x1211840_0;
    %cmpi/ne 0, 0, 2;
    %jmp/0xz  T_1.8, 4;
    %vpi_call 2 54 "$display", "error with test:3 forwardA; Expected: 00, Got: %d", v0x1211840_0 {0 0 0};
T_1.8 ;
    %load/vec4 v0x1211940_0;
    %cmpi/ne 0, 0, 2;
    %jmp/0xz  T_1.10, 4;
    %vpi_call 2 56 "$display", "error with test:3 forwardB; Expected: 00, Got: %d", v0x1211940_0 {0 0 0};
T_1.10 ;
    %end;
    .thread T_1;
# The file index is used to find the file name in the following table.
:file_names 4;
    "N/A";
    "<interactive>";
    "fowardingLUT.t.v";
    "./forwardingLUT.v";
